<?xml version="1.0" encoding="UTF-8"?>
<!-- Generated by org.testng.reporters.JUnitReportReporter -->
<testsuite skipped="0" hostname="cf1a045f0d17" name="TestScripts.TestCase01" tests="1" failures="0" timestamp="09 Sep 2020 17:32:31 GMT" time="7.341" errors="0">
  <testcase name="invalidLogin" time="7.341" classname="TestScripts.TestCase01"/>
</testsuite> <!-- TestScripts.TestCase01 -->
