<?xml version="1.0" encoding="UTF-8"?>
<!-- Generated by org.testng.reporters.JUnitReportReporter -->
<testsuite skipped="0" hostname="cf1a045f0d17" name="TestScripts.TestCase02" tests="1" failures="0" timestamp="09 Sep 2020 17:32:31 GMT" time="3.582" errors="0">
  <testcase name="clickRoundTrip" time="3.582" classname="TestScripts.TestCase02"/>
</testsuite> <!-- TestScripts.TestCase02 -->
