<?xml version="1.0" encoding="UTF-8"?>
<!-- Generated by org.testng.reporters.JUnitReportReporter -->
<testsuite skipped="1" hostname="DESKTOP-9K23MF9" name="testing.SecondTC" tests="1" failures="0" timestamp="2 Sep 2020 08:14:47 GMT" time="0.000" errors="0">
  <testcase name="verifyHomepageTitle" time="0.000" classname="testing.SecondTC">
    <skipped/>
  </testcase> <!-- verifyHomepageTitle -->
</testsuite> <!-- testing.SecondTC -->
