<?xml version="1.0" encoding="UTF-8"?>
<!-- Generated by org.testng.reporters.JUnitReportReporter -->
<testsuite skipped="0" hostname="DESKTOP-9K23MF9" name="TestScripts.TestCase02" tests="1" failures="0" timestamp="5 Sep 2020 15:00:52 GMT" time="0.811" errors="0">
  <testcase name="clickRoundTrip" time="0.811" classname="TestScripts.TestCase02"/>
</testsuite> <!-- TestScripts.TestCase02 -->
